
* Started at 2022-04-04T17:42:40.318587200Z

* Settings
Project dir: C:\Users\i30mb1\AndroidProjects\AD2
Output dir: C:\Users\i30mb1\AndroidProjects\AD2\gradle-profiler\last-output
Profiler: none
Benchmark: true
Versions: []
Gradle User Home: C:\Users\i30mb1\AndroidProjects\AD2\gradle-user-home
Targets: [configuration]

* Inspecting the build using its default Gradle version
Watching the file system is not supported.
> Task :buildSrc:compileKotlin UP-TO-DATE
> Task :buildSrc:compileJava NO-SOURCE
> Task :buildSrc:compileGroovy NO-SOURCE
> Task :buildSrc:pluginDescriptors UP-TO-DATE
> Task :buildSrc:processResources NO-SOURCE
> Task :buildSrc:classes UP-TO-DATE
> Task :buildSrc:inspectClassesForKotlinIC UP-TO-DATE
> Task :buildSrc:jar UP-TO-DATE
> Task :buildSrc:assemble UP-TO-DATE
> Task :buildSrc:compileTestKotlin NO-SOURCE
> Task :buildSrc:pluginUnderTestMetadata
> Task :buildSrc:compileTestJava NO-SOURCE
> Task :buildSrc:compileTestGroovy NO-SOURCE
> Task :buildSrc:processTestResources NO-SOURCE
> Task :buildSrc:testClasses UP-TO-DATE
> Task :buildSrc:test NO-SOURCE
> Task :buildSrc:validatePlugins UP-TO-DATE
> Task :buildSrc:check UP-TO-DATE
> Task :buildSrc:build UP-TO-DATE
> Task :build-logic:bump-version-plugin:compileKotlin UP-TO-DATE
> Task :build-logic:measure-build-time:compileKotlin UP-TO-DATE
> Task :build-logic:bump-version-plugin:compileJava NO-SOURCE
> Task :build-logic:measure-build-time:compileJava NO-SOURCE
> Task :build-logic:bump-version-plugin:pluginDescriptors UP-TO-DATE
> Task :build-logic:measure-build-time:pluginDescriptors UP-TO-DATE
> Task :build-logic:bump-version-plugin:processResources UP-TO-DATE
> Task :build-logic:measure-build-time:processResources UP-TO-DATE
> Task :build-logic:bump-version-plugin:classes UP-TO-DATE
> Task :build-logic:measure-build-time:classes UP-TO-DATE
> Task :build-logic:measure-build-time:inspectClassesForKotlinIC UP-TO-DATE
> Task :build-logic:bump-version-plugin:inspectClassesForKotlinIC UP-TO-DATE
> Task :build-logic:bump-version-plugin:jar UP-TO-DATE
> Task :build-logic:measure-build-time:jar UP-TO-DATE
> Task :build-logic:kotlin:generateExternalPluginSpecBuilders UP-TO-DATE
> Task :build-logic:kotlin:extractPrecompiledScriptPluginPlugins UP-TO-DATE
> Task :build-logic:extensions:compileKotlin UP-TO-DATE
> Task :build-logic:extensions:compileJava NO-SOURCE
> Task :build-logic:extensions:pluginDescriptors UP-TO-DATE
> Task :build-logic:extensions:processResources UP-TO-DATE
> Task :build-logic:extensions:classes UP-TO-DATE
> Task :build-logic:kotlin:compilePluginsBlocks UP-TO-DATE
> Task :build-logic:extensions:inspectClassesForKotlinIC UP-TO-DATE
> Task :build-logic:extensions:jar UP-TO-DATE
> Task :build-logic:kotlin:generatePrecompiledScriptPluginAccessors UP-TO-DATE
> Task :build-logic:kotlin:generateScriptPluginAdapters UP-TO-DATE
> Task :build-logic:kotlin:compileKotlin UP-TO-DATE
> Task :build-logic:kotlin:compileJava NO-SOURCE
> Task :build-logic:kotlin:pluginDescriptors UP-TO-DATE
> Task :build-logic:kotlin:processResources UP-TO-DATE
> Task :build-logic:kotlin:classes UP-TO-DATE
> Task :build-logic:kotlin:inspectClassesForKotlinIC UP-TO-DATE
> Task :build-logic:kotlin:jar UP-TO-DATE

> Task :help

Welcome to Gradle 7.4.

To run a build, run gradle <task> ...

To see a list of available tasks, run gradle tasks

To see more detail about a task, run gradle help --task <task>

To see a list of command-line options, run gradle --help

For more detail on using Gradle, see https://docs.gradle.org/7.4/userguide/command_line_interface.html

For troubleshooting, visit https://help.gradle.org

BUILD SUCCESSFUL in 47s
32 actionable tasks: 2 executed, 30 up-to-date

* Stopping daemons
Running command C:\Users\i30mb1\AndroidProjects\AD2\gradle-user-home\wrapper\dists\gradle-7.4-all\aadb4xli5jkdsnukm30eibyiu\gradle-7.4\bin\gradle.bat --stop --gradle-user-home C:\Users\i30mb1\AndroidProjects\AD2\gradle-user-home
Stopping Daemon(s)
1 Daemon stopped

* Scenarios
Scenario: configuration using Gradle 7.4
  Gradle 7.4 (C:\Users\i30mb1\AndroidProjects\AD2\gradle-user-home\wrapper\dists\gradle-7.4-all\aadb4xli5jkdsnukm30eibyiu\gradle-7.4)
  Run using: Tooling API
  Run: run tasks help
  Cleanup: do nothing
  Gradle args: []
  Build changes: []
  Warm-ups: 6
  Builds: 10

* Running scenario configuration using Gradle 7.4 (scenario 1/1)

* Stopping daemons
Running command C:\Users\i30mb1\AndroidProjects\AD2\gradle-user-home\wrapper\dists\gradle-7.4-all\aadb4xli5jkdsnukm30eibyiu\gradle-7.4\bin\gradle.bat --stop --gradle-user-home C:\Users\i30mb1\AndroidProjects\AD2\gradle-user-home
No Gradle daemons are running.

* Build details
Gradle version: Gradle 7.4
Java home: C:\Program Files\Android\Android Studio\jre
OS: windows 7 amd64 6.1
JVM args:
  -XX:MaxMetaspaceSize=512m
  -XX:+HeapDumpOnOutOfMemoryError
  -XX:+UseParallelGC
  --add-opens
  java.base/java.util=ALL-UNNAMED
  --add-opens
  java.base/java.lang=ALL-UNNAMED
  --add-opens
  java.base/java.lang.invoke=ALL-UNNAMED
  --add-opens
  java.base/java.util=ALL-UNNAMED
  --add-opens
  java.prefs/java.util.prefs=ALL-UNNAMED
  --add-opens
  java.prefs/java.util.prefs=ALL-UNNAMED
  --add-opens
  java.base/java.nio.charset=ALL-UNNAMED
  --add-opens
  java.base/java.net=ALL-UNNAMED
  --add-opens
  java.base/java.util.concurrent.atomic=ALL-UNNAMED
  -Xmx2g
  -Dfile.encoding=UTF-8
  -Duser.country=RU
  -Duser.language=ru
  -Duser.variant
  -Dfile.encoding=UTF-8
  -Dorg.gradle.profiler.scenario=configuration
Gradle args:
  --gradle-user-home
  C:\Users\i30mb1\AndroidProjects\AD2\gradle-user-home
  -I
  C:\Temp\gradleProfiler3407350973350317514.gradle

* Running warm-up build #1
Watching the file system is not supported.
> Task :buildSrc:compileKotlin UP-TO-DATE
> Task :buildSrc:compileJava NO-SOURCE
> Task :buildSrc:compileGroovy NO-SOURCE
> Task :buildSrc:pluginDescriptors UP-TO-DATE
> Task :buildSrc:processResources NO-SOURCE
> Task :buildSrc:classes UP-TO-DATE
> Task :buildSrc:inspectClassesForKotlinIC UP-TO-DATE
> Task :buildSrc:jar UP-TO-DATE
> Task :buildSrc:assemble UP-TO-DATE
> Task :buildSrc:compileTestKotlin NO-SOURCE
> Task :buildSrc:pluginUnderTestMetadata UP-TO-DATE
> Task :buildSrc:compileTestJava NO-SOURCE
> Task :buildSrc:compileTestGroovy NO-SOURCE
> Task :buildSrc:processTestResources NO-SOURCE
> Task :buildSrc:testClasses UP-TO-DATE
> Task :buildSrc:test NO-SOURCE
> Task :buildSrc:validatePlugins UP-TO-DATE
> Task :buildSrc:check UP-TO-DATE
> Task :buildSrc:build UP-TO-DATE
> Task :build-logic:bump-version-plugin:compileKotlin UP-TO-DATE
> Task :build-logic:bump-version-plugin:compileJava NO-SOURCE
> Task :build-logic:bump-version-plugin:pluginDescriptors UP-TO-DATE
> Task :build-logic:bump-version-plugin:processResources UP-TO-DATE
> Task :build-logic:bump-version-plugin:classes UP-TO-DATE
> Task :build-logic:bump-version-plugin:inspectClassesForKotlinIC UP-TO-DATE
> Task :build-logic:bump-version-plugin:jar UP-TO-DATE
> Task :build-logic:measure-build-time:pluginDescriptors UP-TO-DATE
> Task :build-logic:measure-build-time:processResources UP-TO-DATE

> Task :build-logic:measure-build-time:compileKotlin
'compileJava' task (current target is 11) and 'compileKotlin' task (current target is 1.8) jvm target compatibility should be set to the same Java version.

> Task :build-logic:measure-build-time:compileJava NO-SOURCE
> Task :build-logic:measure-build-time:classes UP-TO-DATE
> Task :build-logic:measure-build-time:inspectClassesForKotlinIC
> Task :build-logic:measure-build-time:jar
> Task :build-logic:extensions:compileKotlin UP-TO-DATE
> Task :build-logic:extensions:compileJava NO-SOURCE
> Task :build-logic:extensions:pluginDescriptors UP-TO-DATE
> Task :build-logic:kotlin:generateExternalPluginSpecBuilders UP-TO-DATE
> Task :build-logic:extensions:processResources UP-TO-DATE
> Task :build-logic:extensions:classes UP-TO-DATE
> Task :build-logic:extensions:inspectClassesForKotlinIC UP-TO-DATE
> Task :build-logic:kotlin:extractPrecompiledScriptPluginPlugins UP-TO-DATE
> Task :build-logic:extensions:jar UP-TO-DATE
> Task :build-logic:kotlin:compilePluginsBlocks UP-TO-DATE
> Task :build-logic:kotlin:generatePrecompiledScriptPluginAccessors UP-TO-DATE
> Task :build-logic:kotlin:generateScriptPluginAdapters UP-TO-DATE
> Task :build-logic:kotlin:compileKotlin UP-TO-DATE
> Task :build-logic:kotlin:compileJava NO-SOURCE
> Task :build-logic:kotlin:pluginDescriptors UP-TO-DATE
> Task :build-logic:kotlin:processResources UP-TO-DATE
> Task :build-logic:kotlin:classes UP-TO-DATE
> Task :build-logic:kotlin:inspectClassesForKotlinIC UP-TO-DATE
> Task :build-logic:kotlin:jar UP-TO-DATE

> Task :help

Welcome to Gradle 7.4.

To run a build, run gradle <task> ...

To see a list of available tasks, run gradle tasks

To see more detail about a task, run gradle help --task <task>

To see a list of command-line options, run gradle --help

For more detail on using Gradle, see https://docs.gradle.org/7.4/userguide/command_line_interface.html

For troubleshooting, visit https://help.gradle.org

BUILD SUCCESSFUL in 1m
32 actionable tasks: 4 executed, 28 up-to-date
Used daemon with pid 8756
Execution time 60463 ms

* Running warm-up build #2
Watching the file system is not supported.
> Task :buildSrc:compileKotlin UP-TO-DATE
> Task :buildSrc:compileJava NO-SOURCE
> Task :buildSrc:compileGroovy NO-SOURCE
> Task :buildSrc:pluginDescriptors UP-TO-DATE
> Task :buildSrc:processResources NO-SOURCE
> Task :buildSrc:classes UP-TO-DATE
> Task :buildSrc:inspectClassesForKotlinIC UP-TO-DATE
> Task :buildSrc:jar UP-TO-DATE
> Task :buildSrc:assemble UP-TO-DATE
> Task :buildSrc:compileTestKotlin NO-SOURCE
> Task :buildSrc:pluginUnderTestMetadata UP-TO-DATE
> Task :buildSrc:compileTestJava NO-SOURCE
> Task :buildSrc:compileTestGroovy NO-SOURCE
> Task :buildSrc:processTestResources NO-SOURCE
> Task :buildSrc:testClasses UP-TO-DATE
> Task :buildSrc:test NO-SOURCE
> Task :buildSrc:validatePlugins UP-TO-DATE
> Task :buildSrc:check UP-TO-DATE
> Task :buildSrc:build UP-TO-DATE
> Task :build-logic:measure-build-time:compileKotlin UP-TO-DATE
> Task :build-logic:bump-version-plugin:compileKotlin UP-TO-DATE
> Task :build-logic:bump-version-plugin:compileJava NO-SOURCE
> Task :build-logic:measure-build-time:compileJava NO-SOURCE
> Task :build-logic:bump-version-plugin:pluginDescriptors UP-TO-DATE
> Task :build-logic:measure-build-time:pluginDescriptors UP-TO-DATE
> Task :build-logic:bump-version-plugin:processResources UP-TO-DATE
> Task :build-logic:bump-version-plugin:classes UP-TO-DATE
> Task :build-logic:measure-build-time:processResources UP-TO-DATE
> Task :build-logic:measure-build-time:classes UP-TO-DATE
> Task :build-logic:bump-version-plugin:inspectClassesForKotlinIC UP-TO-DATE
> Task :build-logic:measure-build-time:inspectClassesForKotlinIC UP-TO-DATE
> Task :build-logic:bump-version-plugin:jar UP-TO-DATE
> Task :build-logic:measure-build-time:jar UP-TO-DATE
> Task :build-logic:kotlin:generateExternalPluginSpecBuilders UP-TO-DATE
> Task :build-logic:extensions:compileKotlin UP-TO-DATE
> Task :build-logic:kotlin:extractPrecompiledScriptPluginPlugins UP-TO-DATE
> Task :build-logic:extensions:compileJava NO-SOURCE
> Task :build-logic:extensions:pluginDescriptors UP-TO-DATE
> Task :build-logic:kotlin:compilePluginsBlocks UP-TO-DATE
> Task :build-logic:extensions:processResources UP-TO-DATE
> Task :build-logic:extensions:classes UP-TO-DATE
> Task :build-logic:extensions:inspectClassesForKotlinIC UP-TO-DATE
> Task :build-logic:extensions:jar UP-TO-DATE
> Task :build-logic:kotlin:generatePrecompiledScriptPluginAccessors UP-TO-DATE
> Task :build-logic:kotlin:generateScriptPluginAdapters UP-TO-DATE
> Task :build-logic:kotlin:compileKotlin UP-TO-DATE
> Task :build-logic:kotlin:compileJava NO-SOURCE
> Task :build-logic:kotlin:pluginDescriptors UP-TO-DATE
> Task :build-logic:kotlin:processResources UP-TO-DATE
> Task :build-logic:kotlin:classes UP-TO-DATE
> Task :build-logic:kotlin:inspectClassesForKotlinIC UP-TO-DATE
> Task :build-logic:kotlin:jar UP-TO-DATE

> Task :help

Welcome to Gradle 7.4.

To run a build, run gradle <task> ...

To see a list of available tasks, run gradle tasks

To see more detail about a task, run gradle help --task <task>

To see a list of command-line options, run gradle --help

For more detail on using Gradle, see https://docs.gradle.org/7.4/userguide/command_line_interface.html

For troubleshooting, visit https://help.gradle.org

BUILD SUCCESSFUL in 5s
32 actionable tasks: 1 executed, 31 up-to-date
Used daemon with pid 8756
Execution time 5987 ms

* Running warm-up build #3
Watching the file system is not supported.
> Task :buildSrc:compileKotlin UP-TO-DATE
> Task :buildSrc:compileJava NO-SOURCE
> Task :buildSrc:compileGroovy NO-SOURCE
> Task :buildSrc:pluginDescriptors UP-TO-DATE
> Task :buildSrc:processResources NO-SOURCE
> Task :buildSrc:classes UP-TO-DATE
> Task :buildSrc:inspectClassesForKotlinIC UP-TO-DATE
> Task :buildSrc:jar UP-TO-DATE
> Task :buildSrc:assemble UP-TO-DATE
> Task :buildSrc:compileTestKotlin NO-SOURCE
> Task :buildSrc:pluginUnderTestMetadata UP-TO-DATE
> Task :buildSrc:compileTestJava NO-SOURCE
> Task :buildSrc:compileTestGroovy NO-SOURCE
> Task :buildSrc:processTestResources NO-SOURCE
> Task :buildSrc:testClasses UP-TO-DATE
> Task :buildSrc:test NO-SOURCE
> Task :buildSrc:validatePlugins UP-TO-DATE
> Task :buildSrc:check UP-TO-DATE
> Task :buildSrc:build UP-TO-DATE
> Task :build-logic:measure-build-time:compileKotlin UP-TO-DATE
> Task :build-logic:bump-version-plugin:compileKotlin UP-TO-DATE
> Task :build-logic:bump-version-plugin:compileJava NO-SOURCE
> Task :build-logic:measure-build-time:compileJava NO-SOURCE
> Task :build-logic:bump-version-plugin:pluginDescriptors UP-TO-DATE
> Task :build-logic:measure-build-time:pluginDescriptors UP-TO-DATE
> Task :build-logic:bump-version-plugin:processResources UP-TO-DATE
> Task :build-logic:bump-version-plugin:classes UP-TO-DATE
> Task :build-logic:measure-build-time:processResources UP-TO-DATE
> Task :build-logic:measure-build-time:classes UP-TO-DATE
> Task :build-logic:bump-version-plugin:inspectClassesForKotlinIC UP-TO-DATE
> Task :build-logic:measure-build-time:inspectClassesForKotlinIC UP-TO-DATE
> Task :build-logic:bump-version-plugin:jar UP-TO-DATE
> Task :build-logic:measure-build-time:jar UP-TO-DATE
> Task :build-logic:kotlin:generateExternalPluginSpecBuilders UP-TO-DATE
> Task :build-logic:kotlin:extractPrecompiledScriptPluginPlugins UP-TO-DATE
> Task :build-logic:kotlin:compilePluginsBlocks UP-TO-DATE
> Task :build-logic:extensions:compileKotlin UP-TO-DATE
> Task :build-logic:extensions:compileJava NO-SOURCE
> Task :build-logic:extensions:pluginDescriptors UP-TO-DATE
> Task :build-logic:extensions:processResources UP-TO-DATE
> Task :build-logic:extensions:classes UP-TO-DATE
> Task :build-logic:extensions:inspectClassesForKotlinIC UP-TO-DATE
> Task :build-logic:extensions:jar UP-TO-DATE
> Task :build-logic:kotlin:generatePrecompiledScriptPluginAccessors UP-TO-DATE
> Task :build-logic:kotlin:generateScriptPluginAdapters UP-TO-DATE
> Task :build-logic:kotlin:compileKotlin UP-TO-DATE
> Task :build-logic:kotlin:compileJava NO-SOURCE
> Task :build-logic:kotlin:pluginDescriptors UP-TO-DATE
> Task :build-logic:kotlin:processResources UP-TO-DATE
> Task :build-logic:kotlin:classes UP-TO-DATE
> Task :build-logic:kotlin:inspectClassesForKotlinIC UP-TO-DATE
> Task :build-logic:kotlin:jar UP-TO-DATE

> Task :help

Welcome to Gradle 7.4.

To run a build, run gradle <task> ...

To see a list of available tasks, run gradle tasks

To see more detail about a task, run gradle help --task <task>

To see a list of command-line options, run gradle --help

For more detail on using Gradle, see https://docs.gradle.org/7.4/userguide/command_line_interface.html

For troubleshooting, visit https://help.gradle.org

BUILD SUCCESSFUL in 5s
32 actionable tasks: 1 executed, 31 up-to-date
Used daemon with pid 8756
Execution time 5228 ms

* Running warm-up build #4
Watching the file system is not supported.
> Task :buildSrc:compileKotlin UP-TO-DATE
> Task :buildSrc:compileJava NO-SOURCE
> Task :buildSrc:compileGroovy NO-SOURCE
> Task :buildSrc:pluginDescriptors UP-TO-DATE
> Task :buildSrc:processResources NO-SOURCE
> Task :buildSrc:classes UP-TO-DATE
> Task :buildSrc:inspectClassesForKotlinIC UP-TO-DATE
> Task :buildSrc:jar UP-TO-DATE
> Task :buildSrc:assemble UP-TO-DATE
> Task :buildSrc:compileTestKotlin NO-SOURCE
> Task :buildSrc:pluginUnderTestMetadata UP-TO-DATE
> Task :buildSrc:compileTestJava NO-SOURCE
> Task :buildSrc:compileTestGroovy NO-SOURCE
> Task :buildSrc:processTestResources NO-SOURCE
> Task :buildSrc:testClasses UP-TO-DATE
> Task :buildSrc:test NO-SOURCE
> Task :buildSrc:validatePlugins UP-TO-DATE
> Task :buildSrc:check UP-TO-DATE
> Task :buildSrc:build UP-TO-DATE
> Task :build-logic:measure-build-time:compileKotlin UP-TO-DATE
> Task :build-logic:bump-version-plugin:compileKotlin UP-TO-DATE
> Task :build-logic:measure-build-time:compileJava NO-SOURCE
> Task :build-logic:bump-version-plugin:compileJava NO-SOURCE
> Task :build-logic:measure-build-time:pluginDescriptors UP-TO-DATE
> Task :build-logic:bump-version-plugin:pluginDescriptors UP-TO-DATE
> Task :build-logic:bump-version-plugin:processResources UP-TO-DATE
> Task :build-logic:measure-build-time:processResources UP-TO-DATE
> Task :build-logic:measure-build-time:classes UP-TO-DATE
> Task :build-logic:bump-version-plugin:classes UP-TO-DATE
> Task :build-logic:measure-build-time:inspectClassesForKotlinIC UP-TO-DATE
> Task :build-logic:bump-version-plugin:inspectClassesForKotlinIC UP-TO-DATE
> Task :build-logic:bump-version-plugin:jar UP-TO-DATE
> Task :build-logic:measure-build-time:jar UP-TO-DATE
> Task :build-logic:kotlin:generateExternalPluginSpecBuilders UP-TO-DATE
> Task :build-logic:extensions:compileKotlin UP-TO-DATE
> Task :build-logic:kotlin:extractPrecompiledScriptPluginPlugins UP-TO-DATE
> Task :build-logic:extensions:compileJava NO-SOURCE
> Task :build-logic:extensions:pluginDescriptors UP-TO-DATE
> Task :build-logic:extensions:processResources UP-TO-DATE
> Task :build-logic:extensions:classes UP-TO-DATE
> Task :build-logic:kotlin:compilePluginsBlocks UP-TO-DATE
> Task :build-logic:extensions:inspectClassesForKotlinIC UP-TO-DATE
> Task :build-logic:extensions:jar UP-TO-DATE
> Task :build-logic:kotlin:generatePrecompiledScriptPluginAccessors UP-TO-DATE
> Task :build-logic:kotlin:generateScriptPluginAdapters UP-TO-DATE
> Task :build-logic:kotlin:compileKotlin UP-TO-DATE
> Task :build-logic:kotlin:compileJava NO-SOURCE
> Task :build-logic:kotlin:pluginDescriptors UP-TO-DATE
> Task :build-logic:kotlin:processResources UP-TO-DATE
> Task :build-logic:kotlin:classes UP-TO-DATE
> Task :build-logic:kotlin:inspectClassesForKotlinIC UP-TO-DATE
> Task :build-logic:kotlin:jar UP-TO-DATE

> Task :help

Welcome to Gradle 7.4.

To run a build, run gradle <task> ...

To see a list of available tasks, run gradle tasks

To see more detail about a task, run gradle help --task <task>

To see a list of command-line options, run gradle --help

For more detail on using Gradle, see https://docs.gradle.org/7.4/userguide/command_line_interface.html

For troubleshooting, visit https://help.gradle.org

BUILD SUCCESSFUL in 7s
32 actionable tasks: 1 executed, 31 up-to-date
Used daemon with pid 8756
Execution time 7860 ms

* Running warm-up build #5
Watching the file system is not supported.
> Task :buildSrc:compileKotlin UP-TO-DATE
> Task :buildSrc:compileJava NO-SOURCE
> Task :buildSrc:compileGroovy NO-SOURCE
> Task :buildSrc:pluginDescriptors UP-TO-DATE
> Task :buildSrc:processResources NO-SOURCE
> Task :buildSrc:classes UP-TO-DATE
> Task :buildSrc:inspectClassesForKotlinIC UP-TO-DATE
> Task :buildSrc:jar UP-TO-DATE
> Task :buildSrc:assemble UP-TO-DATE
> Task :buildSrc:compileTestKotlin NO-SOURCE
> Task :buildSrc:pluginUnderTestMetadata UP-TO-DATE
> Task :buildSrc:compileTestJava NO-SOURCE
> Task :buildSrc:compileTestGroovy NO-SOURCE
> Task :buildSrc:processTestResources NO-SOURCE
> Task :buildSrc:testClasses UP-TO-DATE
> Task :buildSrc:test NO-SOURCE
> Task :buildSrc:validatePlugins UP-TO-DATE
> Task :buildSrc:check UP-TO-DATE
> Task :buildSrc:build UP-TO-DATE
> Task :build-logic:bump-version-plugin:compileKotlin UP-TO-DATE
> Task :build-logic:measure-build-time:compileKotlin UP-TO-DATE
> Task :build-logic:measure-build-time:compileJava NO-SOURCE
> Task :build-logic:bump-version-plugin:compileJava NO-SOURCE
> Task :build-logic:measure-build-time:pluginDescriptors UP-TO-DATE
> Task :build-logic:bump-version-plugin:pluginDescriptors UP-TO-DATE
> Task :build-logic:measure-build-time:processResources UP-TO-DATE
> Task :build-logic:measure-build-time:classes UP-TO-DATE
> Task :build-logic:bump-version-plugin:processResources UP-TO-DATE
> Task :build-logic:bump-version-plugin:classes UP-TO-DATE
> Task :build-logic:measure-build-time:inspectClassesForKotlinIC UP-TO-DATE
> Task :build-logic:bump-version-plugin:inspectClassesForKotlinIC UP-TO-DATE
> Task :build-logic:measure-build-time:jar UP-TO-DATE
> Task :build-logic:bump-version-plugin:jar UP-TO-DATE
> Task :build-logic:kotlin:generateExternalPluginSpecBuilders UP-TO-DATE
> Task :build-logic:kotlin:extractPrecompiledScriptPluginPlugins UP-TO-DATE
> Task :build-logic:extensions:compileKotlin UP-TO-DATE
> Task :build-logic:kotlin:compilePluginsBlocks UP-TO-DATE
> Task :build-logic:extensions:compileJava NO-SOURCE
> Task :build-logic:extensions:pluginDescriptors UP-TO-DATE
> Task :build-logic:extensions:processResources UP-TO-DATE
> Task :build-logic:extensions:classes UP-TO-DATE
> Task :build-logic:extensions:inspectClassesForKotlinIC UP-TO-DATE
> Task :build-logic:extensions:jar UP-TO-DATE
> Task :build-logic:kotlin:generatePrecompiledScriptPluginAccessors UP-TO-DATE
> Task :build-logic:kotlin:generateScriptPluginAdapters UP-TO-DATE
> Task :build-logic:kotlin:compileKotlin UP-TO-DATE
> Task :build-logic:kotlin:compileJava NO-SOURCE
> Task :build-logic:kotlin:pluginDescriptors UP-TO-DATE
> Task :build-logic:kotlin:processResources UP-TO-DATE
> Task :build-logic:kotlin:classes UP-TO-DATE
> Task :build-logic:kotlin:inspectClassesForKotlinIC UP-TO-DATE
> Task :build-logic:kotlin:jar UP-TO-DATE

> Task :help

Welcome to Gradle 7.4.

To run a build, run gradle <task> ...

To see a list of available tasks, run gradle tasks

To see more detail about a task, run gradle help --task <task>

To see a list of command-line options, run gradle --help

For more detail on using Gradle, see https://docs.gradle.org/7.4/userguide/command_line_interface.html

For troubleshooting, visit https://help.gradle.org

BUILD SUCCESSFUL in 3s
32 actionable tasks: 1 executed, 31 up-to-date
Used daemon with pid 8756
Execution time 3912 ms

* Running warm-up build #6
Watching the file system is not supported.
> Task :buildSrc:compileKotlin UP-TO-DATE
> Task :buildSrc:compileJava NO-SOURCE
> Task :buildSrc:compileGroovy NO-SOURCE
> Task :buildSrc:pluginDescriptors UP-TO-DATE
> Task :buildSrc:processResources NO-SOURCE
> Task :buildSrc:classes UP-TO-DATE
> Task :buildSrc:inspectClassesForKotlinIC UP-TO-DATE
> Task :buildSrc:jar UP-TO-DATE
> Task :buildSrc:assemble UP-TO-DATE
> Task :buildSrc:compileTestKotlin NO-SOURCE
> Task :buildSrc:pluginUnderTestMetadata UP-TO-DATE
> Task :buildSrc:compileTestJava NO-SOURCE
> Task :buildSrc:compileTestGroovy NO-SOURCE
> Task :buildSrc:processTestResources NO-SOURCE
> Task :buildSrc:testClasses UP-TO-DATE
> Task :buildSrc:test NO-SOURCE
> Task :buildSrc:validatePlugins UP-TO-DATE
> Task :buildSrc:check UP-TO-DATE
> Task :buildSrc:build UP-TO-DATE
> Task :build-logic:bump-version-plugin:compileKotlin UP-TO-DATE
> Task :build-logic:measure-build-time:compileKotlin UP-TO-DATE
> Task :build-logic:bump-version-plugin:compileJava NO-SOURCE
> Task :build-logic:measure-build-time:compileJava NO-SOURCE
> Task :build-logic:bump-version-plugin:pluginDescriptors UP-TO-DATE
> Task :build-logic:measure-build-time:pluginDescriptors UP-TO-DATE
> Task :build-logic:measure-build-time:processResources UP-TO-DATE
> Task :build-logic:bump-version-plugin:processResources UP-TO-DATE
> Task :build-logic:bump-version-plugin:classes UP-TO-DATE
> Task :build-logic:measure-build-time:classes UP-TO-DATE
> Task :build-logic:bump-version-plugin:inspectClassesForKotlinIC UP-TO-DATE
> Task :build-logic:measure-build-time:inspectClassesForKotlinIC UP-TO-DATE
> Task :build-logic:measure-build-time:jar UP-TO-DATE
> Task :build-logic:bump-version-plugin:jar UP-TO-DATE
> Task :build-logic:kotlin:generateExternalPluginSpecBuilders UP-TO-DATE
> Task :build-logic:extensions:compileKotlin UP-TO-DATE
> Task :build-logic:kotlin:extractPrecompiledScriptPluginPlugins UP-TO-DATE
> Task :build-logic:extensions:compileJava NO-SOURCE
> Task :build-logic:extensions:pluginDescriptors UP-TO-DATE
> Task :build-logic:extensions:processResources UP-TO-DATE
> Task :build-logic:extensions:classes UP-TO-DATE
> Task :build-logic:kotlin:compilePluginsBlocks UP-TO-DATE
> Task :build-logic:extensions:inspectClassesForKotlinIC UP-TO-DATE
> Task :build-logic:extensions:jar UP-TO-DATE
> Task :build-logic:kotlin:generatePrecompiledScriptPluginAccessors UP-TO-DATE
> Task :build-logic:kotlin:generateScriptPluginAdapters UP-TO-DATE
> Task :build-logic:kotlin:compileKotlin UP-TO-DATE
> Task :build-logic:kotlin:compileJava NO-SOURCE
> Task :build-logic:kotlin:pluginDescriptors UP-TO-DATE
> Task :build-logic:kotlin:processResources UP-TO-DATE
> Task :build-logic:kotlin:classes UP-TO-DATE
> Task :build-logic:kotlin:inspectClassesForKotlinIC UP-TO-DATE
> Task :build-logic:kotlin:jar UP-TO-DATE

> Task :help

Welcome to Gradle 7.4.

To run a build, run gradle <task> ...

To see a list of available tasks, run gradle tasks

To see more detail about a task, run gradle help --task <task>

To see a list of command-line options, run gradle --help

For more detail on using Gradle, see https://docs.gradle.org/7.4/userguide/command_line_interface.html

For troubleshooting, visit https://help.gradle.org

BUILD SUCCESSFUL in 3s
32 actionable tasks: 1 executed, 31 up-to-date
Used daemon with pid 8756
Execution time 3818 ms

* Using args for instrumented builds:

* Running measured build #1
Watching the file system is not supported.
> Task :buildSrc:compileKotlin UP-TO-DATE
> Task :buildSrc:compileJava NO-SOURCE
> Task :buildSrc:compileGroovy NO-SOURCE
> Task :buildSrc:pluginDescriptors UP-TO-DATE
> Task :buildSrc:processResources NO-SOURCE
> Task :buildSrc:classes UP-TO-DATE
> Task :buildSrc:inspectClassesForKotlinIC UP-TO-DATE
> Task :buildSrc:jar UP-TO-DATE
> Task :buildSrc:assemble UP-TO-DATE
> Task :buildSrc:compileTestKotlin NO-SOURCE
> Task :buildSrc:pluginUnderTestMetadata UP-TO-DATE
> Task :buildSrc:compileTestJava NO-SOURCE
> Task :buildSrc:compileTestGroovy NO-SOURCE
> Task :buildSrc:processTestResources NO-SOURCE
> Task :buildSrc:testClasses UP-TO-DATE
> Task :buildSrc:test NO-SOURCE
> Task :buildSrc:validatePlugins UP-TO-DATE
> Task :buildSrc:check UP-TO-DATE
> Task :buildSrc:build UP-TO-DATE
> Task :build-logic:measure-build-time:compileKotlin UP-TO-DATE
> Task :build-logic:bump-version-plugin:compileKotlin UP-TO-DATE
> Task :build-logic:measure-build-time:compileJava NO-SOURCE
> Task :build-logic:bump-version-plugin:compileJava NO-SOURCE
> Task :build-logic:measure-build-time:pluginDescriptors UP-TO-DATE
> Task :build-logic:bump-version-plugin:pluginDescriptors UP-TO-DATE
> Task :build-logic:measure-build-time:processResources UP-TO-DATE
> Task :build-logic:measure-build-time:classes UP-TO-DATE
> Task :build-logic:bump-version-plugin:processResources UP-TO-DATE
> Task :build-logic:bump-version-plugin:classes UP-TO-DATE
> Task :build-logic:bump-version-plugin:inspectClassesForKotlinIC UP-TO-DATE
> Task :build-logic:measure-build-time:inspectClassesForKotlinIC UP-TO-DATE
> Task :build-logic:bump-version-plugin:jar UP-TO-DATE
> Task :build-logic:measure-build-time:jar UP-TO-DATE
> Task :build-logic:extensions:compileKotlin UP-TO-DATE
> Task :build-logic:kotlin:generateExternalPluginSpecBuilders UP-TO-DATE
> Task :build-logic:kotlin:extractPrecompiledScriptPluginPlugins UP-TO-DATE
> Task :build-logic:extensions:compileJava NO-SOURCE
> Task :build-logic:extensions:pluginDescriptors UP-TO-DATE
> Task :build-logic:extensions:processResources UP-TO-DATE
> Task :build-logic:extensions:classes UP-TO-DATE
> Task :build-logic:kotlin:compilePluginsBlocks UP-TO-DATE
> Task :build-logic:extensions:inspectClassesForKotlinIC UP-TO-DATE
> Task :build-logic:extensions:jar UP-TO-DATE
> Task :build-logic:kotlin:generatePrecompiledScriptPluginAccessors UP-TO-DATE
> Task :build-logic:kotlin:generateScriptPluginAdapters UP-TO-DATE
> Task :build-logic:kotlin:compileKotlin UP-TO-DATE
> Task :build-logic:kotlin:compileJava NO-SOURCE
> Task :build-logic:kotlin:pluginDescriptors UP-TO-DATE
> Task :build-logic:kotlin:processResources UP-TO-DATE
> Task :build-logic:kotlin:classes UP-TO-DATE
> Task :build-logic:kotlin:inspectClassesForKotlinIC UP-TO-DATE
> Task :build-logic:kotlin:jar UP-TO-DATE

> Task :help

Welcome to Gradle 7.4.

To run a build, run gradle <task> ...

To see a list of available tasks, run gradle tasks

To see more detail about a task, run gradle help --task <task>

To see a list of command-line options, run gradle --help

For more detail on using Gradle, see https://docs.gradle.org/7.4/userguide/command_line_interface.html

For troubleshooting, visit https://help.gradle.org

BUILD SUCCESSFUL in 3s
32 actionable tasks: 1 executed, 31 up-to-date
Used daemon with pid 8756
Execution time 3645 ms

* Running measured build #2
Watching the file system is not supported.
> Task :buildSrc:compileKotlin UP-TO-DATE
> Task :buildSrc:compileJava NO-SOURCE
> Task :buildSrc:compileGroovy NO-SOURCE
> Task :buildSrc:pluginDescriptors UP-TO-DATE
> Task :buildSrc:processResources NO-SOURCE
> Task :buildSrc:classes UP-TO-DATE
> Task :buildSrc:inspectClassesForKotlinIC UP-TO-DATE
> Task :buildSrc:jar UP-TO-DATE
> Task :buildSrc:assemble UP-TO-DATE
> Task :buildSrc:compileTestKotlin NO-SOURCE
> Task :buildSrc:pluginUnderTestMetadata UP-TO-DATE
> Task :buildSrc:compileTestJava NO-SOURCE
> Task :buildSrc:compileTestGroovy NO-SOURCE
> Task :buildSrc:processTestResources NO-SOURCE
> Task :buildSrc:testClasses UP-TO-DATE
> Task :buildSrc:test NO-SOURCE
> Task :buildSrc:validatePlugins UP-TO-DATE
> Task :buildSrc:check UP-TO-DATE
> Task :buildSrc:build UP-TO-DATE
> Task :build-logic:measure-build-time:compileKotlin UP-TO-DATE
> Task :build-logic:bump-version-plugin:compileKotlin UP-TO-DATE
> Task :build-logic:measure-build-time:compileJava NO-SOURCE
> Task :build-logic:measure-build-time:pluginDescriptors UP-TO-DATE
> Task :build-logic:bump-version-plugin:compileJava NO-SOURCE
> Task :build-logic:bump-version-plugin:pluginDescriptors UP-TO-DATE
> Task :build-logic:measure-build-time:processResources UP-TO-DATE
> Task :build-logic:measure-build-time:classes UP-TO-DATE
> Task :build-logic:bump-version-plugin:processResources UP-TO-DATE
> Task :build-logic:bump-version-plugin:classes UP-TO-DATE
> Task :build-logic:measure-build-time:inspectClassesForKotlinIC UP-TO-DATE
> Task :build-logic:bump-version-plugin:inspectClassesForKotlinIC UP-TO-DATE
> Task :build-logic:measure-build-time:jar UP-TO-DATE
> Task :build-logic:bump-version-plugin:jar UP-TO-DATE
> Task :build-logic:extensions:compileKotlin UP-TO-DATE
> Task :build-logic:extensions:compileJava NO-SOURCE
> Task :build-logic:extensions:pluginDescriptors UP-TO-DATE
> Task :build-logic:extensions:processResources UP-TO-DATE
> Task :build-logic:extensions:classes UP-TO-DATE
> Task :build-logic:extensions:inspectClassesForKotlinIC UP-TO-DATE
> Task :build-logic:extensions:jar UP-TO-DATE
> Task :build-logic:kotlin:generateExternalPluginSpecBuilders UP-TO-DATE
> Task :build-logic:kotlin:extractPrecompiledScriptPluginPlugins UP-TO-DATE
> Task :build-logic:kotlin:compilePluginsBlocks UP-TO-DATE
> Task :build-logic:kotlin:generatePrecompiledScriptPluginAccessors UP-TO-DATE
> Task :build-logic:kotlin:generateScriptPluginAdapters UP-TO-DATE
> Task :build-logic:kotlin:compileKotlin UP-TO-DATE
> Task :build-logic:kotlin:compileJava NO-SOURCE
> Task :build-logic:kotlin:pluginDescriptors UP-TO-DATE
> Task :build-logic:kotlin:processResources UP-TO-DATE
> Task :build-logic:kotlin:classes UP-TO-DATE
> Task :build-logic:kotlin:inspectClassesForKotlinIC UP-TO-DATE
> Task :build-logic:kotlin:jar UP-TO-DATE

> Task :help

Welcome to Gradle 7.4.

To run a build, run gradle <task> ...

To see a list of available tasks, run gradle tasks

To see more detail about a task, run gradle help --task <task>

To see a list of command-line options, run gradle --help

For more detail on using Gradle, see https://docs.gradle.org/7.4/userguide/command_line_interface.html

For troubleshooting, visit https://help.gradle.org

BUILD SUCCESSFUL in 8s
32 actionable tasks: 1 executed, 31 up-to-date
Used daemon with pid 8756
Execution time 8886 ms

* Running measured build #3
Watching the file system is not supported.
> Task :buildSrc:compileKotlin UP-TO-DATE
> Task :buildSrc:compileJava NO-SOURCE
> Task :buildSrc:compileGroovy NO-SOURCE
> Task :buildSrc:pluginDescriptors UP-TO-DATE
> Task :buildSrc:processResources NO-SOURCE
> Task :buildSrc:classes UP-TO-DATE
> Task :buildSrc:inspectClassesForKotlinIC UP-TO-DATE
> Task :buildSrc:jar UP-TO-DATE
> Task :buildSrc:assemble UP-TO-DATE
> Task :buildSrc:compileTestKotlin NO-SOURCE
> Task :buildSrc:pluginUnderTestMetadata UP-TO-DATE
> Task :buildSrc:compileTestJava NO-SOURCE
> Task :buildSrc:compileTestGroovy NO-SOURCE
> Task :buildSrc:processTestResources NO-SOURCE
> Task :buildSrc:testClasses UP-TO-DATE
> Task :buildSrc:test NO-SOURCE
> Task :buildSrc:validatePlugins UP-TO-DATE
> Task :buildSrc:check UP-TO-DATE
> Task :buildSrc:build UP-TO-DATE
> Task :build-logic:bump-version-plugin:compileKotlin UP-TO-DATE
> Task :build-logic:measure-build-time:compileKotlin UP-TO-DATE
> Task :build-logic:bump-version-plugin:compileJava NO-SOURCE
> Task :build-logic:measure-build-time:compileJava NO-SOURCE
> Task :build-logic:bump-version-plugin:pluginDescriptors UP-TO-DATE
> Task :build-logic:measure-build-time:pluginDescriptors UP-TO-DATE
> Task :build-logic:bump-version-plugin:processResources UP-TO-DATE
> Task :build-logic:measure-build-time:processResources UP-TO-DATE
> Task :build-logic:measure-build-time:classes UP-TO-DATE
> Task :build-logic:bump-version-plugin:classes UP-TO-DATE
> Task :build-logic:bump-version-plugin:inspectClassesForKotlinIC UP-TO-DATE
> Task :build-logic:measure-build-time:inspectClassesForKotlinIC UP-TO-DATE
> Task :build-logic:measure-build-time:jar UP-TO-DATE
> Task :build-logic:bump-version-plugin:jar UP-TO-DATE
> Task :build-logic:extensions:compileKotlin UP-TO-DATE
> Task :build-logic:kotlin:generateExternalPluginSpecBuilders UP-TO-DATE
> Task :build-logic:extensions:compileJava NO-SOURCE
> Task :build-logic:kotlin:extractPrecompiledScriptPluginPlugins UP-TO-DATE
> Task :build-logic:extensions:pluginDescriptors UP-TO-DATE
> Task :build-logic:extensions:processResources UP-TO-DATE
> Task :build-logic:extensions:classes UP-TO-DATE
> Task :build-logic:extensions:inspectClassesForKotlinIC UP-TO-DATE
> Task :build-logic:kotlin:compilePluginsBlocks UP-TO-DATE
> Task :build-logic:extensions:jar UP-TO-DATE
> Task :build-logic:kotlin:generatePrecompiledScriptPluginAccessors UP-TO-DATE
> Task :build-logic:kotlin:generateScriptPluginAdapters UP-TO-DATE
> Task :build-logic:kotlin:compileKotlin UP-TO-DATE
> Task :build-logic:kotlin:compileJava NO-SOURCE
> Task :build-logic:kotlin:pluginDescriptors UP-TO-DATE
> Task :build-logic:kotlin:processResources UP-TO-DATE
> Task :build-logic:kotlin:classes UP-TO-DATE
> Task :build-logic:kotlin:inspectClassesForKotlinIC UP-TO-DATE
> Task :build-logic:kotlin:jar UP-TO-DATE

> Task :help

Welcome to Gradle 7.4.

To run a build, run gradle <task> ...

To see a list of available tasks, run gradle tasks

To see more detail about a task, run gradle help --task <task>

To see a list of command-line options, run gradle --help

For more detail on using Gradle, see https://docs.gradle.org/7.4/userguide/command_line_interface.html

For troubleshooting, visit https://help.gradle.org

BUILD SUCCESSFUL in 3s
32 actionable tasks: 1 executed, 31 up-to-date
Used daemon with pid 8756
Execution time 3385 ms

* Running measured build #4
Watching the file system is not supported.
> Task :buildSrc:compileKotlin UP-TO-DATE
> Task :buildSrc:compileJava NO-SOURCE
> Task :buildSrc:compileGroovy NO-SOURCE
> Task :buildSrc:pluginDescriptors UP-TO-DATE
> Task :buildSrc:processResources NO-SOURCE
> Task :buildSrc:classes UP-TO-DATE
> Task :buildSrc:inspectClassesForKotlinIC UP-TO-DATE
> Task :buildSrc:jar UP-TO-DATE
> Task :buildSrc:assemble UP-TO-DATE
> Task :buildSrc:compileTestKotlin NO-SOURCE
> Task :buildSrc:pluginUnderTestMetadata UP-TO-DATE
> Task :buildSrc:compileTestJava NO-SOURCE
> Task :buildSrc:compileTestGroovy NO-SOURCE
> Task :buildSrc:processTestResources NO-SOURCE
> Task :buildSrc:testClasses UP-TO-DATE
> Task :buildSrc:test NO-SOURCE
> Task :buildSrc:validatePlugins UP-TO-DATE
> Task :buildSrc:check UP-TO-DATE
> Task :buildSrc:build UP-TO-DATE
> Task :build-logic:measure-build-time:compileKotlin UP-TO-DATE
> Task :build-logic:bump-version-plugin:compileKotlin UP-TO-DATE
> Task :build-logic:measure-build-time:compileJava NO-SOURCE
> Task :build-logic:bump-version-plugin:compileJava NO-SOURCE
> Task :build-logic:bump-version-plugin:pluginDescriptors UP-TO-DATE
> Task :build-logic:bump-version-plugin:processResources UP-TO-DATE
> Task :build-logic:bump-version-plugin:classes UP-TO-DATE
> Task :build-logic:bump-version-plugin:inspectClassesForKotlinIC UP-TO-DATE
> Task :build-logic:measure-build-time:pluginDescriptors UP-TO-DATE
> Task :build-logic:bump-version-plugin:jar UP-TO-DATE
> Task :build-logic:measure-build-time:processResources UP-TO-DATE
> Task :build-logic:measure-build-time:classes UP-TO-DATE
> Task :build-logic:measure-build-time:inspectClassesForKotlinIC UP-TO-DATE
> Task :build-logic:measure-build-time:jar UP-TO-DATE
> Task :build-logic:kotlin:generateExternalPluginSpecBuilders UP-TO-DATE
> Task :build-logic:extensions:compileKotlin UP-TO-DATE
> Task :build-logic:kotlin:extractPrecompiledScriptPluginPlugins UP-TO-DATE
> Task :build-logic:extensions:compileJava NO-SOURCE
> Task :build-logic:extensions:pluginDescriptors UP-TO-DATE
> Task :build-logic:extensions:processResources UP-TO-DATE
> Task :build-logic:extensions:classes UP-TO-DATE
> Task :build-logic:kotlin:compilePluginsBlocks UP-TO-DATE
> Task :build-logic:extensions:inspectClassesForKotlinIC UP-TO-DATE
> Task :build-logic:extensions:jar UP-TO-DATE
> Task :build-logic:kotlin:generatePrecompiledScriptPluginAccessors UP-TO-DATE
> Task :build-logic:kotlin:generateScriptPluginAdapters UP-TO-DATE
> Task :build-logic:kotlin:compileKotlin UP-TO-DATE
> Task :build-logic:kotlin:compileJava NO-SOURCE
> Task :build-logic:kotlin:pluginDescriptors UP-TO-DATE
> Task :build-logic:kotlin:processResources UP-TO-DATE
> Task :build-logic:kotlin:classes UP-TO-DATE
> Task :build-logic:kotlin:inspectClassesForKotlinIC UP-TO-DATE
> Task :build-logic:kotlin:jar UP-TO-DATE

> Task :help

Welcome to Gradle 7.4.

To run a build, run gradle <task> ...

To see a list of available tasks, run gradle tasks

To see more detail about a task, run gradle help --task <task>

To see a list of command-line options, run gradle --help

For more detail on using Gradle, see https://docs.gradle.org/7.4/userguide/command_line_interface.html

For troubleshooting, visit https://help.gradle.org

BUILD SUCCESSFUL in 3s
32 actionable tasks: 1 executed, 31 up-to-date
Used daemon with pid 8756
Execution time 3302 ms

* Running measured build #5
Watching the file system is not supported.
> Task :buildSrc:compileKotlin UP-TO-DATE
> Task :buildSrc:compileJava NO-SOURCE
> Task :buildSrc:compileGroovy NO-SOURCE
> Task :buildSrc:pluginDescriptors UP-TO-DATE
> Task :buildSrc:processResources NO-SOURCE
> Task :buildSrc:classes UP-TO-DATE
> Task :buildSrc:inspectClassesForKotlinIC UP-TO-DATE
> Task :buildSrc:jar UP-TO-DATE
> Task :buildSrc:assemble UP-TO-DATE
> Task :buildSrc:compileTestKotlin NO-SOURCE
> Task :buildSrc:pluginUnderTestMetadata UP-TO-DATE
> Task :buildSrc:compileTestJava NO-SOURCE
> Task :buildSrc:compileTestGroovy NO-SOURCE
> Task :buildSrc:processTestResources NO-SOURCE
> Task :buildSrc:testClasses UP-TO-DATE
> Task :buildSrc:test NO-SOURCE
> Task :buildSrc:validatePlugins UP-TO-DATE
> Task :buildSrc:check UP-TO-DATE
> Task :buildSrc:build UP-TO-DATE
> Task :build-logic:bump-version-plugin:compileKotlin UP-TO-DATE
> Task :build-logic:measure-build-time:compileKotlin UP-TO-DATE
> Task :build-logic:bump-version-plugin:compileJava NO-SOURCE
> Task :build-logic:measure-build-time:compileJava NO-SOURCE
> Task :build-logic:bump-version-plugin:pluginDescriptors UP-TO-DATE
> Task :build-logic:measure-build-time:pluginDescriptors UP-TO-DATE
> Task :build-logic:bump-version-plugin:processResources UP-TO-DATE
> Task :build-logic:bump-version-plugin:classes UP-TO-DATE
> Task :build-logic:measure-build-time:processResources UP-TO-DATE
> Task :build-logic:measure-build-time:classes UP-TO-DATE
> Task :build-logic:bump-version-plugin:inspectClassesForKotlinIC UP-TO-DATE
> Task :build-logic:measure-build-time:inspectClassesForKotlinIC UP-TO-DATE
> Task :build-logic:measure-build-time:jar UP-TO-DATE
> Task :build-logic:bump-version-plugin:jar UP-TO-DATE
> Task :build-logic:extensions:compileKotlin UP-TO-DATE
> Task :build-logic:extensions:compileJava NO-SOURCE
> Task :build-logic:extensions:pluginDescriptors UP-TO-DATE
> Task :build-logic:extensions:processResources UP-TO-DATE
> Task :build-logic:extensions:classes UP-TO-DATE
> Task :build-logic:kotlin:generateExternalPluginSpecBuilders UP-TO-DATE
> Task :build-logic:extensions:inspectClassesForKotlinIC UP-TO-DATE
> Task :build-logic:kotlin:extractPrecompiledScriptPluginPlugins UP-TO-DATE
> Task :build-logic:extensions:jar UP-TO-DATE
> Task :build-logic:kotlin:compilePluginsBlocks UP-TO-DATE
> Task :build-logic:kotlin:generatePrecompiledScriptPluginAccessors UP-TO-DATE
> Task :build-logic:kotlin:generateScriptPluginAdapters UP-TO-DATE
> Task :build-logic:kotlin:compileKotlin UP-TO-DATE
> Task :build-logic:kotlin:compileJava NO-SOURCE
> Task :build-logic:kotlin:pluginDescriptors UP-TO-DATE
> Task :build-logic:kotlin:processResources UP-TO-DATE
> Task :build-logic:kotlin:classes UP-TO-DATE
> Task :build-logic:kotlin:inspectClassesForKotlinIC UP-TO-DATE
> Task :build-logic:kotlin:jar UP-TO-DATE

> Task :help

Welcome to Gradle 7.4.

To run a build, run gradle <task> ...

To see a list of available tasks, run gradle tasks

To see more detail about a task, run gradle help --task <task>

To see a list of command-line options, run gradle --help

For more detail on using Gradle, see https://docs.gradle.org/7.4/userguide/command_line_interface.html

For troubleshooting, visit https://help.gradle.org

BUILD SUCCESSFUL in 3s
32 actionable tasks: 1 executed, 31 up-to-date
Used daemon with pid 8756
Execution time 3288 ms

* Running measured build #6
Watching the file system is not supported.
> Task :buildSrc:compileKotlin UP-TO-DATE
> Task :buildSrc:compileJava NO-SOURCE
> Task :buildSrc:compileGroovy NO-SOURCE
> Task :buildSrc:pluginDescriptors UP-TO-DATE
> Task :buildSrc:processResources NO-SOURCE
> Task :buildSrc:classes UP-TO-DATE
> Task :buildSrc:inspectClassesForKotlinIC UP-TO-DATE
> Task :buildSrc:jar UP-TO-DATE
> Task :buildSrc:assemble UP-TO-DATE
> Task :buildSrc:compileTestKotlin NO-SOURCE
> Task :buildSrc:pluginUnderTestMetadata UP-TO-DATE
> Task :buildSrc:compileTestJava NO-SOURCE
> Task :buildSrc:compileTestGroovy NO-SOURCE
> Task :buildSrc:processTestResources NO-SOURCE
> Task :buildSrc:testClasses UP-TO-DATE
> Task :buildSrc:test NO-SOURCE
> Task :buildSrc:validatePlugins UP-TO-DATE
> Task :buildSrc:check UP-TO-DATE
> Task :buildSrc:build UP-TO-DATE
> Task :build-logic:measure-build-time:compileKotlin UP-TO-DATE
> Task :build-logic:bump-version-plugin:compileKotlin UP-TO-DATE
> Task :build-logic:measure-build-time:compileJava NO-SOURCE
> Task :build-logic:bump-version-plugin:compileJava NO-SOURCE
> Task :build-logic:measure-build-time:pluginDescriptors UP-TO-DATE
> Task :build-logic:bump-version-plugin:pluginDescriptors UP-TO-DATE
> Task :build-logic:measure-build-time:processResources UP-TO-DATE
> Task :build-logic:measure-build-time:classes UP-TO-DATE
> Task :build-logic:bump-version-plugin:processResources UP-TO-DATE
> Task :build-logic:bump-version-plugin:classes UP-TO-DATE
> Task :build-logic:measure-build-time:inspectClassesForKotlinIC UP-TO-DATE
> Task :build-logic:bump-version-plugin:inspectClassesForKotlinIC UP-TO-DATE
> Task :build-logic:measure-build-time:jar UP-TO-DATE
> Task :build-logic:bump-version-plugin:jar UP-TO-DATE
> Task :build-logic:kotlin:generateExternalPluginSpecBuilders UP-TO-DATE
> Task :build-logic:extensions:compileKotlin UP-TO-DATE
> Task :build-logic:kotlin:extractPrecompiledScriptPluginPlugins UP-TO-DATE
> Task :build-logic:extensions:compileJava NO-SOURCE
> Task :build-logic:extensions:pluginDescriptors UP-TO-DATE
> Task :build-logic:extensions:processResources UP-TO-DATE
> Task :build-logic:extensions:classes UP-TO-DATE
> Task :build-logic:kotlin:compilePluginsBlocks UP-TO-DATE
> Task :build-logic:extensions:inspectClassesForKotlinIC UP-TO-DATE
> Task :build-logic:extensions:jar UP-TO-DATE
> Task :build-logic:kotlin:generatePrecompiledScriptPluginAccessors UP-TO-DATE
> Task :build-logic:kotlin:generateScriptPluginAdapters UP-TO-DATE
> Task :build-logic:kotlin:compileKotlin UP-TO-DATE
> Task :build-logic:kotlin:compileJava NO-SOURCE
> Task :build-logic:kotlin:pluginDescriptors UP-TO-DATE
> Task :build-logic:kotlin:processResources UP-TO-DATE
> Task :build-logic:kotlin:classes UP-TO-DATE
> Task :build-logic:kotlin:inspectClassesForKotlinIC UP-TO-DATE
> Task :build-logic:kotlin:jar UP-TO-DATE

> Task :help

Welcome to Gradle 7.4.

To run a build, run gradle <task> ...

To see a list of available tasks, run gradle tasks

To see more detail about a task, run gradle help --task <task>

To see a list of command-line options, run gradle --help

For more detail on using Gradle, see https://docs.gradle.org/7.4/userguide/command_line_interface.html

For troubleshooting, visit https://help.gradle.org

BUILD SUCCESSFUL in 3s
32 actionable tasks: 1 executed, 31 up-to-date
Used daemon with pid 8756
Execution time 3145 ms

* Running measured build #7
Watching the file system is not supported.
> Task :buildSrc:compileKotlin UP-TO-DATE
> Task :buildSrc:compileJava NO-SOURCE
> Task :buildSrc:compileGroovy NO-SOURCE
> Task :buildSrc:pluginDescriptors UP-TO-DATE
> Task :buildSrc:processResources NO-SOURCE
> Task :buildSrc:classes UP-TO-DATE
> Task :buildSrc:inspectClassesForKotlinIC UP-TO-DATE
> Task :buildSrc:jar UP-TO-DATE
> Task :buildSrc:assemble UP-TO-DATE
> Task :buildSrc:compileTestKotlin NO-SOURCE
> Task :buildSrc:pluginUnderTestMetadata UP-TO-DATE
> Task :buildSrc:compileTestJava NO-SOURCE
> Task :buildSrc:compileTestGroovy NO-SOURCE
> Task :buildSrc:processTestResources NO-SOURCE
> Task :buildSrc:testClasses UP-TO-DATE
> Task :buildSrc:test NO-SOURCE
> Task :buildSrc:validatePlugins UP-TO-DATE
> Task :buildSrc:check UP-TO-DATE
> Task :buildSrc:build UP-TO-DATE
> Task :build-logic:measure-build-time:compileKotlin UP-TO-DATE
> Task :build-logic:bump-version-plugin:compileKotlin UP-TO-DATE
> Task :build-logic:bump-version-plugin:compileJava NO-SOURCE
> Task :build-logic:measure-build-time:compileJava NO-SOURCE
> Task :build-logic:measure-build-time:pluginDescriptors UP-TO-DATE
> Task :build-logic:bump-version-plugin:pluginDescriptors UP-TO-DATE
> Task :build-logic:measure-build-time:processResources UP-TO-DATE
> Task :build-logic:bump-version-plugin:processResources UP-TO-DATE
> Task :build-logic:bump-version-plugin:classes UP-TO-DATE
> Task :build-logic:measure-build-time:classes UP-TO-DATE
> Task :build-logic:bump-version-plugin:inspectClassesForKotlinIC UP-TO-DATE
> Task :build-logic:measure-build-time:inspectClassesForKotlinIC UP-TO-DATE
> Task :build-logic:measure-build-time:jar UP-TO-DATE
> Task :build-logic:bump-version-plugin:jar UP-TO-DATE
> Task :build-logic:kotlin:generateExternalPluginSpecBuilders UP-TO-DATE
> Task :build-logic:extensions:compileKotlin UP-TO-DATE
> Task :build-logic:kotlin:extractPrecompiledScriptPluginPlugins UP-TO-DATE
> Task :build-logic:extensions:compileJava NO-SOURCE
> Task :build-logic:extensions:pluginDescriptors UP-TO-DATE
> Task :build-logic:extensions:processResources UP-TO-DATE
> Task :build-logic:extensions:classes UP-TO-DATE
> Task :build-logic:kotlin:compilePluginsBlocks UP-TO-DATE
> Task :build-logic:extensions:inspectClassesForKotlinIC UP-TO-DATE
> Task :build-logic:extensions:jar UP-TO-DATE
> Task :build-logic:kotlin:generatePrecompiledScriptPluginAccessors UP-TO-DATE
> Task :build-logic:kotlin:generateScriptPluginAdapters UP-TO-DATE
> Task :build-logic:kotlin:compileKotlin UP-TO-DATE
> Task :build-logic:kotlin:compileJava NO-SOURCE
> Task :build-logic:kotlin:pluginDescriptors UP-TO-DATE
> Task :build-logic:kotlin:processResources UP-TO-DATE
> Task :build-logic:kotlin:classes UP-TO-DATE
> Task :build-logic:kotlin:inspectClassesForKotlinIC UP-TO-DATE
> Task :build-logic:kotlin:jar UP-TO-DATE

> Task :help

Welcome to Gradle 7.4.

To run a build, run gradle <task> ...

To see a list of available tasks, run gradle tasks

To see more detail about a task, run gradle help --task <task>

To see a list of command-line options, run gradle --help

For more detail on using Gradle, see https://docs.gradle.org/7.4/userguide/command_line_interface.html

For troubleshooting, visit https://help.gradle.org

BUILD SUCCESSFUL in 3s
32 actionable tasks: 1 executed, 31 up-to-date
Used daemon with pid 8756
Execution time 3095 ms

* Running measured build #8
Watching the file system is not supported.
> Task :buildSrc:compileKotlin UP-TO-DATE
> Task :buildSrc:compileJava NO-SOURCE
> Task :buildSrc:compileGroovy NO-SOURCE
> Task :buildSrc:pluginDescriptors UP-TO-DATE
> Task :buildSrc:processResources NO-SOURCE
> Task :buildSrc:classes UP-TO-DATE
> Task :buildSrc:inspectClassesForKotlinIC UP-TO-DATE
> Task :buildSrc:jar UP-TO-DATE
> Task :buildSrc:assemble UP-TO-DATE
> Task :buildSrc:compileTestKotlin NO-SOURCE
> Task :buildSrc:pluginUnderTestMetadata UP-TO-DATE
> Task :buildSrc:compileTestJava NO-SOURCE
> Task :buildSrc:compileTestGroovy NO-SOURCE
> Task :buildSrc:processTestResources NO-SOURCE
> Task :buildSrc:testClasses UP-TO-DATE
> Task :buildSrc:test NO-SOURCE
> Task :buildSrc:validatePlugins UP-TO-DATE
> Task :buildSrc:check UP-TO-DATE
> Task :buildSrc:build UP-TO-DATE
> Task :build-logic:measure-build-time:compileKotlin UP-TO-DATE
> Task :build-logic:measure-build-time:compileJava NO-SOURCE
> Task :build-logic:measure-build-time:pluginDescriptors UP-TO-DATE
> Task :build-logic:bump-version-plugin:compileKotlin UP-TO-DATE
> Task :build-logic:measure-build-time:processResources UP-TO-DATE
> Task :build-logic:measure-build-time:classes UP-TO-DATE
> Task :build-logic:measure-build-time:inspectClassesForKotlinIC UP-TO-DATE
> Task :build-logic:bump-version-plugin:compileJava NO-SOURCE
> Task :build-logic:bump-version-plugin:pluginDescriptors UP-TO-DATE
> Task :build-logic:measure-build-time:jar UP-TO-DATE
> Task :build-logic:bump-version-plugin:processResources UP-TO-DATE
> Task :build-logic:bump-version-plugin:classes UP-TO-DATE
> Task :build-logic:bump-version-plugin:inspectClassesForKotlinIC UP-TO-DATE
> Task :build-logic:bump-version-plugin:jar UP-TO-DATE
> Task :build-logic:kotlin:generateExternalPluginSpecBuilders UP-TO-DATE
> Task :build-logic:extensions:compileKotlin UP-TO-DATE
> Task :build-logic:kotlin:extractPrecompiledScriptPluginPlugins UP-TO-DATE
> Task :build-logic:extensions:compileJava NO-SOURCE
> Task :build-logic:extensions:pluginDescriptors UP-TO-DATE
> Task :build-logic:extensions:processResources UP-TO-DATE
> Task :build-logic:extensions:classes UP-TO-DATE
> Task :build-logic:kotlin:compilePluginsBlocks UP-TO-DATE
> Task :build-logic:extensions:inspectClassesForKotlinIC UP-TO-DATE
> Task :build-logic:extensions:jar UP-TO-DATE
> Task :build-logic:kotlin:generatePrecompiledScriptPluginAccessors UP-TO-DATE
> Task :build-logic:kotlin:generateScriptPluginAdapters UP-TO-DATE
> Task :build-logic:kotlin:compileKotlin UP-TO-DATE
> Task :build-logic:kotlin:compileJava NO-SOURCE
> Task :build-logic:kotlin:pluginDescriptors UP-TO-DATE
> Task :build-logic:kotlin:processResources UP-TO-DATE
> Task :build-logic:kotlin:classes UP-TO-DATE
> Task :build-logic:kotlin:inspectClassesForKotlinIC UP-TO-DATE
> Task :build-logic:kotlin:jar UP-TO-DATE

> Task :help

Welcome to Gradle 7.4.

To run a build, run gradle <task> ...

To see a list of available tasks, run gradle tasks

To see more detail about a task, run gradle help --task <task>

To see a list of command-line options, run gradle --help

For more detail on using Gradle, see https://docs.gradle.org/7.4/userguide/command_line_interface.html

For troubleshooting, visit https://help.gradle.org

BUILD SUCCESSFUL in 2s
32 actionable tasks: 1 executed, 31 up-to-date
Used daemon with pid 8756
Execution time 3008 ms

* Running measured build #9
Watching the file system is not supported.
> Task :buildSrc:compileKotlin UP-TO-DATE
> Task :buildSrc:compileJava NO-SOURCE
> Task :buildSrc:compileGroovy NO-SOURCE
> Task :buildSrc:pluginDescriptors UP-TO-DATE
> Task :buildSrc:processResources NO-SOURCE
> Task :buildSrc:classes UP-TO-DATE
> Task :buildSrc:inspectClassesForKotlinIC UP-TO-DATE
> Task :buildSrc:jar UP-TO-DATE
> Task :buildSrc:assemble UP-TO-DATE
> Task :buildSrc:compileTestKotlin NO-SOURCE
> Task :buildSrc:pluginUnderTestMetadata UP-TO-DATE
> Task :buildSrc:compileTestJava NO-SOURCE
> Task :buildSrc:compileTestGroovy NO-SOURCE
> Task :buildSrc:processTestResources NO-SOURCE
> Task :buildSrc:testClasses UP-TO-DATE
> Task :buildSrc:test NO-SOURCE
> Task :buildSrc:validatePlugins UP-TO-DATE
> Task :buildSrc:check UP-TO-DATE
> Task :buildSrc:build UP-TO-DATE
> Task :build-logic:measure-build-time:compileKotlin UP-TO-DATE
> Task :build-logic:bump-version-plugin:compileKotlin UP-TO-DATE
> Task :build-logic:measure-build-time:compileJava NO-SOURCE
> Task :build-logic:bump-version-plugin:compileJava NO-SOURCE
> Task :build-logic:measure-build-time:pluginDescriptors UP-TO-DATE
> Task :build-logic:bump-version-plugin:pluginDescriptors UP-TO-DATE
> Task :build-logic:measure-build-time:processResources UP-TO-DATE
> Task :build-logic:measure-build-time:classes UP-TO-DATE
> Task :build-logic:bump-version-plugin:processResources UP-TO-DATE
> Task :build-logic:bump-version-plugin:classes UP-TO-DATE
> Task :build-logic:measure-build-time:inspectClassesForKotlinIC UP-TO-DATE
> Task :build-logic:bump-version-plugin:inspectClassesForKotlinIC UP-TO-DATE
> Task :build-logic:measure-build-time:jar UP-TO-DATE
> Task :build-logic:bump-version-plugin:jar UP-TO-DATE
> Task :build-logic:kotlin:generateExternalPluginSpecBuilders UP-TO-DATE
> Task :build-logic:extensions:compileKotlin UP-TO-DATE
> Task :build-logic:kotlin:extractPrecompiledScriptPluginPlugins UP-TO-DATE
> Task :build-logic:extensions:compileJava NO-SOURCE
> Task :build-logic:extensions:pluginDescriptors UP-TO-DATE
> Task :build-logic:extensions:processResources UP-TO-DATE
> Task :build-logic:kotlin:compilePluginsBlocks UP-TO-DATE
> Task :build-logic:extensions:classes UP-TO-DATE
> Task :build-logic:extensions:inspectClassesForKotlinIC UP-TO-DATE
> Task :build-logic:extensions:jar UP-TO-DATE
> Task :build-logic:kotlin:generatePrecompiledScriptPluginAccessors UP-TO-DATE
> Task :build-logic:kotlin:generateScriptPluginAdapters UP-TO-DATE
> Task :build-logic:kotlin:compileKotlin UP-TO-DATE
> Task :build-logic:kotlin:compileJava NO-SOURCE
> Task :build-logic:kotlin:pluginDescriptors UP-TO-DATE
> Task :build-logic:kotlin:processResources UP-TO-DATE
> Task :build-logic:kotlin:classes UP-TO-DATE
> Task :build-logic:kotlin:inspectClassesForKotlinIC UP-TO-DATE
> Task :build-logic:kotlin:jar UP-TO-DATE

> Task :help

Welcome to Gradle 7.4.

To run a build, run gradle <task> ...

To see a list of available tasks, run gradle tasks

To see more detail about a task, run gradle help --task <task>

To see a list of command-line options, run gradle --help

For more detail on using Gradle, see https://docs.gradle.org/7.4/userguide/command_line_interface.html

For troubleshooting, visit https://help.gradle.org

BUILD SUCCESSFUL in 2s
32 actionable tasks: 1 executed, 31 up-to-date
Used daemon with pid 8756
Execution time 2923 ms

* Running measured build #10
Watching the file system is not supported.
> Task :buildSrc:compileKotlin UP-TO-DATE
> Task :buildSrc:compileJava NO-SOURCE
> Task :buildSrc:compileGroovy NO-SOURCE
> Task :buildSrc:pluginDescriptors UP-TO-DATE
> Task :buildSrc:processResources NO-SOURCE
> Task :buildSrc:classes UP-TO-DATE
> Task :buildSrc:inspectClassesForKotlinIC UP-TO-DATE
> Task :buildSrc:jar UP-TO-DATE
> Task :buildSrc:assemble UP-TO-DATE
> Task :buildSrc:compileTestKotlin NO-SOURCE
> Task :buildSrc:pluginUnderTestMetadata UP-TO-DATE
> Task :buildSrc:compileTestJava NO-SOURCE
> Task :buildSrc:compileTestGroovy NO-SOURCE
> Task :buildSrc:processTestResources NO-SOURCE
> Task :buildSrc:testClasses UP-TO-DATE
> Task :buildSrc:test NO-SOURCE
> Task :buildSrc:validatePlugins UP-TO-DATE
> Task :buildSrc:check UP-TO-DATE
> Task :buildSrc:build UP-TO-DATE
> Task :build-logic:measure-build-time:compileKotlin UP-TO-DATE
> Task :build-logic:bump-version-plugin:compileKotlin UP-TO-DATE
> Task :build-logic:measure-build-time:compileJava NO-SOURCE
> Task :build-logic:measure-build-time:pluginDescriptors UP-TO-DATE
> Task :build-logic:bump-version-plugin:compileJava NO-SOURCE
> Task :build-logic:measure-build-time:processResources UP-TO-DATE
> Task :build-logic:measure-build-time:classes UP-TO-DATE
> Task :build-logic:bump-version-plugin:pluginDescriptors UP-TO-DATE
> Task :build-logic:measure-build-time:inspectClassesForKotlinIC UP-TO-DATE
> Task :build-logic:measure-build-time:jar UP-TO-DATE
> Task :build-logic:bump-version-plugin:processResources UP-TO-DATE
> Task :build-logic:bump-version-plugin:classes UP-TO-DATE
> Task :build-logic:bump-version-plugin:inspectClassesForKotlinIC UP-TO-DATE
> Task :build-logic:bump-version-plugin:jar UP-TO-DATE
> Task :build-logic:kotlin:generateExternalPluginSpecBuilders UP-TO-DATE
> Task :build-logic:extensions:compileKotlin UP-TO-DATE
> Task :build-logic:kotlin:extractPrecompiledScriptPluginPlugins UP-TO-DATE
> Task :build-logic:extensions:compileJava NO-SOURCE
> Task :build-logic:extensions:pluginDescriptors UP-TO-DATE
> Task :build-logic:extensions:processResources UP-TO-DATE
> Task :build-logic:extensions:classes UP-TO-DATE
> Task :build-logic:kotlin:compilePluginsBlocks UP-TO-DATE
> Task :build-logic:extensions:inspectClassesForKotlinIC UP-TO-DATE
> Task :build-logic:extensions:jar UP-TO-DATE
> Task :build-logic:kotlin:generatePrecompiledScriptPluginAccessors UP-TO-DATE
> Task :build-logic:kotlin:generateScriptPluginAdapters UP-TO-DATE
> Task :build-logic:kotlin:compileKotlin UP-TO-DATE
> Task :build-logic:kotlin:compileJava NO-SOURCE
> Task :build-logic:kotlin:pluginDescriptors UP-TO-DATE
> Task :build-logic:kotlin:processResources UP-TO-DATE
> Task :build-logic:kotlin:classes UP-TO-DATE
> Task :build-logic:kotlin:inspectClassesForKotlinIC UP-TO-DATE
> Task :build-logic:kotlin:jar UP-TO-DATE

> Task :help

Welcome to Gradle 7.4.

To run a build, run gradle <task> ...

To see a list of available tasks, run gradle tasks

To see more detail about a task, run gradle help --task <task>

To see a list of command-line options, run gradle --help

For more detail on using Gradle, see https://docs.gradle.org/7.4/userguide/command_line_interface.html

For troubleshooting, visit https://help.gradle.org

BUILD SUCCESSFUL in 3s
32 actionable tasks: 1 executed, 31 up-to-date
Used daemon with pid 8756
Execution time 3200 ms

* Stopping daemons
Running command C:\Users\i30mb1\AndroidProjects\AD2\gradle-user-home\wrapper\dists\gradle-7.4-all\aadb4xli5jkdsnukm30eibyiu\gradle-7.4\bin\gradle.bat --stop --gradle-user-home C:\Users\i30mb1\AndroidProjects\AD2\gradle-user-home
Stopping Daemon(s)
1 Daemon stopped

* Results written to C:\Users\i30mb1\AndroidProjects\AD2\gradle-profiler\last-output
  C:\Users\i30mb1\AndroidProjects\AD2\gradle-profiler\last-output\benchmark.csv
  C:\Users\i30mb1\AndroidProjects\AD2\gradle-profiler\last-output\benchmark.html

